app/build/intermediates/manifest_merge_blame_file/debug/manifest-merger-blame-debug-report.txt
1<?xml version="1.0" encoding="utf-8"?>
2<manifest xmlns:android="http://schemas.android.com/apk/res/android"
3    package="com.example.pothole"
4    android:versionCode="1"
5    android:versionName="1.0" >
6
7    <uses-sdk
8        android:minSdkVersion="23"
8-->src\main\AndroidManifest.xml
9        android:targetSdkVersion="29" />
9-->src\main\AndroidManifest.xml
10    <!-- this is used new one -->
11    <uses-permission android:name="android.permission.CAMERA" />
11-->src\main\AndroidManifest.xml:5:5-65
11-->src\main\AndroidManifest.xml:5:22-62
12    <uses-permission android:name="android.permission.ACCESS_FINE_LOCATION" />
12-->src\main\AndroidManifest.xml:6:5-79
12-->src\main\AndroidManifest.xml:6:22-76
13
14    <!-- Although the *SdkVersion is captured in gradle build files, this is required for non gradle builds -->
15    <!-- <uses-sdk android:minSdkVersion="14"/> -->
16    <uses-permission android:name="android.permission.ACCESS_NETWORK_STATE" />
16-->[com.google.firebase:firebase-database:19.2.0] AndroidManifest.xml:25:5-79
16-->[com.google.firebase:firebase-database:19.2.0] AndroidManifest.xml:25:22-76
17    <uses-permission android:name="android.permission.INTERNET" />
17-->[com.google.firebase:firebase-database:19.2.0] AndroidManifest.xml:26:5-67
17-->[com.google.firebase:firebase-database:19.2.0] AndroidManifest.xml:26:22-64
18    <uses-permission android:name="android.permission.WAKE_LOCK" /> <!-- Required by older versions of Google Play services to create IID tokens -->
18-->[com.google.android.gms:play-services-measurement-api:17.2.0] AndroidManifest.xml:24:5-68
18-->[com.google.android.gms:play-services-measurement-api:17.2.0] AndroidManifest.xml:24:22-65
19    <uses-permission android:name="com.google.android.c2dm.permission.RECEIVE" />
19-->[com.google.firebase:firebase-iid:19.0.0] AndroidManifest.xml:26:5-82
19-->[com.google.firebase:firebase-iid:19.0.0] AndroidManifest.xml:26:22-79
20    <uses-permission android:name="com.google.android.finsky.permission.BIND_GET_INSTALL_REFERRER_SERVICE" />
20-->[com.google.android.gms:play-services-measurement:17.2.0] AndroidManifest.xml:26:5-110
20-->[com.google.android.gms:play-services-measurement:17.2.0] AndroidManifest.xml:26:22-107
21
22    <application
22-->src\main\AndroidManifest.xml:8:5-27:19
23        android:allowBackup="true"
23-->src\main\AndroidManifest.xml:9:9-35
24        android:appComponentFactory="androidx.core.app.CoreComponentFactory"
24-->[androidx.core:core:1.0.1] AndroidManifest.xml:22:18-86
25        android:debuggable="true"
26        android:icon="@mipmap/ic_launcher"
26-->src\main\AndroidManifest.xml:10:9-43
27        android:label="@string/app_name"
27-->src\main\AndroidManifest.xml:11:9-41
28        android:roundIcon="@mipmap/ic_launcher_round"
28-->src\main\AndroidManifest.xml:12:9-54
29        android:supportsRtl="true"
29-->src\main\AndroidManifest.xml:13:9-35
30        android:testOnly="true"
31        android:theme="@style/AppTheme" >
31-->src\main\AndroidManifest.xml:14:9-40
32        <activity android:name="com.example.pothole.ui.login_signup.register" />
32-->src\main\AndroidManifest.xml:15:9-71
32-->src\main\AndroidManifest.xml:15:19-59
33        <activity android:name="com.example.pothole.MainActivity" />
33-->src\main\AndroidManifest.xml:16:9-50
33-->src\main\AndroidManifest.xml:16:19-47
34        <activity
34-->src\main\AndroidManifest.xml:17:9-19:64
35            android:name="com.example.pothole.HomePage"
35-->src\main\AndroidManifest.xml:18:13-37
36            android:label="@string/title_activity_home_page" />
36-->src\main\AndroidManifest.xml:19:13-61
37        <activity android:name="com.example.pothole.ui.login_signup.login" >
37-->src\main\AndroidManifest.xml:20:9-26:20
37-->src\main\AndroidManifest.xml:20:19-56
38            <intent-filter>
38-->src\main\AndroidManifest.xml:21:13-25:29
39                <action android:name="android.intent.action.MAIN" />
39-->src\main\AndroidManifest.xml:22:17-69
39-->src\main\AndroidManifest.xml:22:25-66
40
41                <category android:name="android.intent.category.LAUNCHER" />
41-->src\main\AndroidManifest.xml:24:17-77
41-->src\main\AndroidManifest.xml:24:27-74
42            </intent-filter>
43        </activity>
44        <activity
44-->[com.google.firebase:firebase-auth:19.2.0] AndroidManifest.xml:24:9-31:50
45            android:name="com.google.firebase.auth.internal.FederatedSignInActivity"
45-->[com.google.firebase:firebase-auth:19.2.0] AndroidManifest.xml:25:13-85
46            android:excludeFromRecents="true"
46-->[com.google.firebase:firebase-auth:19.2.0] AndroidManifest.xml:26:13-46
47            android:exported="true"
47-->[com.google.firebase:firebase-auth:19.2.0] AndroidManifest.xml:27:13-36
48            android:launchMode="singleTask"
48-->[com.google.firebase:firebase-auth:19.2.0] AndroidManifest.xml:28:13-44
49            android:permission="com.google.firebase.auth.api.gms.permission.LAUNCH_FEDERATED_SIGN_IN"
49-->[com.google.firebase:firebase-auth:19.2.0] AndroidManifest.xml:29:13-102
50            android:theme="@android:style/Theme.Translucent.NoTitleBar" />
50-->[com.google.firebase:firebase-auth:19.2.0] AndroidManifest.xml:30:13-72
51
52        <service
52-->[com.google.firebase:firebase-auth:19.2.0] AndroidManifest.xml:33:9-39:19
53            android:name="com.google.firebase.components.ComponentDiscoveryService"
53-->[com.google.firebase:firebase-auth:19.2.0] AndroidManifest.xml:34:13-84
54            android:directBootAware="true"
54-->[com.google.firebase:firebase-common:19.3.0] AndroidManifest.xml:34:13-43
55            android:exported="false" >
55-->[com.google.firebase:firebase-auth:19.2.0] AndroidManifest.xml:35:13-37
56            <meta-data
56-->[com.google.firebase:firebase-auth:19.2.0] AndroidManifest.xml:36:13-38:85
57                android:name="com.google.firebase.components:com.google.firebase.auth.FirebaseAuthRegistrar"
57-->[com.google.firebase:firebase-auth:19.2.0] AndroidManifest.xml:37:17-109
58                android:value="com.google.firebase.components.ComponentRegistrar" />
58-->[com.google.firebase:firebase-auth:19.2.0] AndroidManifest.xml:38:17-82
59            <meta-data
59-->[com.google.firebase:firebase-database:19.2.0] AndroidManifest.xml:32:13-34:85
60                android:name="com.google.firebase.components:com.google.firebase.database.DatabaseRegistrar"
60-->[com.google.firebase:firebase-database:19.2.0] AndroidManifest.xml:33:17-109
61                android:value="com.google.firebase.components.ComponentRegistrar" />
61-->[com.google.firebase:firebase-database:19.2.0] AndroidManifest.xml:34:17-82
62            <meta-data
62-->[com.google.android.gms:play-services-measurement-api:17.2.0] AndroidManifest.xml:30:13-32:85
63                android:name="com.google.firebase.components:com.google.firebase.analytics.connector.internal.AnalyticsConnectorRegistrar"
63-->[com.google.android.gms:play-services-measurement-api:17.2.0] AndroidManifest.xml:31:17-139
64                android:value="com.google.firebase.components.ComponentRegistrar" />
64-->[com.google.android.gms:play-services-measurement-api:17.2.0] AndroidManifest.xml:32:17-82
65            <meta-data
65-->[com.google.firebase:firebase-iid:19.0.0] AndroidManifest.xml:32:13-34:85
66                android:name="com.google.firebase.components:com.google.firebase.iid.Registrar"
66-->[com.google.firebase:firebase-iid:19.0.0] AndroidManifest.xml:33:17-96
67                android:value="com.google.firebase.components.ComponentRegistrar" />
67-->[com.google.firebase:firebase-iid:19.0.0] AndroidManifest.xml:34:17-82
68        </service>
69
70        <receiver
70-->[com.google.firebase:firebase-iid:19.0.0] AndroidManifest.xml:37:9-44:20
71            android:name="com.google.firebase.iid.FirebaseInstanceIdReceiver"
71-->[com.google.firebase:firebase-iid:19.0.0] AndroidManifest.xml:38:13-78
72            android:exported="true"
72-->[com.google.firebase:firebase-iid:19.0.0] AndroidManifest.xml:39:13-36
73            android:permission="com.google.android.c2dm.permission.SEND" >
73-->[com.google.firebase:firebase-iid:19.0.0] AndroidManifest.xml:40:13-73
74            <intent-filter>
74-->[com.google.firebase:firebase-iid:19.0.0] AndroidManifest.xml:41:13-43:29
75                <action android:name="com.google.android.c2dm.intent.RECEIVE" />
75-->[com.google.firebase:firebase-iid:19.0.0] AndroidManifest.xml:42:17-81
75-->[com.google.firebase:firebase-iid:19.0.0] AndroidManifest.xml:42:25-78
76            </intent-filter>
77        </receiver>
78
79        <activity
79-->[com.google.android.gms:play-services-base:17.1.0] AndroidManifest.xml:23:9-26:75
80            android:name="com.google.android.gms.common.api.GoogleApiActivity"
80-->[com.google.android.gms:play-services-base:17.1.0] AndroidManifest.xml:24:13-79
81            android:exported="false"
81-->[com.google.android.gms:play-services-base:17.1.0] AndroidManifest.xml:25:13-37
82            android:theme="@android:style/Theme.Translucent.NoTitleBar" />
82-->[com.google.android.gms:play-services-base:17.1.0] AndroidManifest.xml:26:13-72
83
84        <receiver
84-->[com.google.android.gms:play-services-measurement:17.2.0] AndroidManifest.xml:29:9-33:20
85            android:name="com.google.android.gms.measurement.AppMeasurementReceiver"
85-->[com.google.android.gms:play-services-measurement:17.2.0] AndroidManifest.xml:30:13-85
86            android:enabled="true"
86-->[com.google.android.gms:play-services-measurement:17.2.0] AndroidManifest.xml:31:13-35
87            android:exported="false" >
87-->[com.google.android.gms:play-services-measurement:17.2.0] AndroidManifest.xml:32:13-37
88        </receiver>
89        <receiver
89-->[com.google.android.gms:play-services-measurement:17.2.0] AndroidManifest.xml:34:9-42:20
90            android:name="com.google.android.gms.measurement.AppMeasurementInstallReferrerReceiver"
90-->[com.google.android.gms:play-services-measurement:17.2.0] AndroidManifest.xml:35:13-100
91            android:enabled="true"
91-->[com.google.android.gms:play-services-measurement:17.2.0] AndroidManifest.xml:36:13-35
92            android:exported="true"
92-->[com.google.android.gms:play-services-measurement:17.2.0] AndroidManifest.xml:37:13-36
93            android:permission="android.permission.INSTALL_PACKAGES" >
93-->[com.google.android.gms:play-services-measurement:17.2.0] AndroidManifest.xml:38:13-69
94            <intent-filter>
94-->[com.google.android.gms:play-services-measurement:17.2.0] AndroidManifest.xml:39:13-41:29
95                <action android:name="com.android.vending.INSTALL_REFERRER" />
95-->[com.google.android.gms:play-services-measurement:17.2.0] AndroidManifest.xml:40:17-79
95-->[com.google.android.gms:play-services-measurement:17.2.0] AndroidManifest.xml:40:25-76
96            </intent-filter>
97        </receiver>
98
99        <service
99-->[com.google.android.gms:play-services-measurement:17.2.0] AndroidManifest.xml:44:9-47:40
100            android:name="com.google.android.gms.measurement.AppMeasurementService"
100-->[com.google.android.gms:play-services-measurement:17.2.0] AndroidManifest.xml:45:13-84
101            android:enabled="true"
101-->[com.google.android.gms:play-services-measurement:17.2.0] AndroidManifest.xml:46:13-35
102            android:exported="false" />
102-->[com.google.android.gms:play-services-measurement:17.2.0] AndroidManifest.xml:47:13-37
103        <service
103-->[com.google.android.gms:play-services-measurement:17.2.0] AndroidManifest.xml:48:9-52:72
104            android:name="com.google.android.gms.measurement.AppMeasurementJobService"
104-->[com.google.android.gms:play-services-measurement:17.2.0] AndroidManifest.xml:49:13-87
105            android:enabled="true"
105-->[com.google.android.gms:play-services-measurement:17.2.0] AndroidManifest.xml:50:13-35
106            android:exported="false"
106-->[com.google.android.gms:play-services-measurement:17.2.0] AndroidManifest.xml:51:13-37
107            android:permission="android.permission.BIND_JOB_SERVICE" />
107-->[com.google.android.gms:play-services-measurement:17.2.0] AndroidManifest.xml:52:13-69
108
109        <provider
109-->[com.google.firebase:firebase-common:19.3.0] AndroidManifest.xml:26:9-30:39
110            android:name="com.google.firebase.provider.FirebaseInitProvider"
110-->[com.google.firebase:firebase-common:19.3.0] AndroidManifest.xml:27:13-77
111            android:authorities="com.example.pothole.firebaseinitprovider"
111-->[com.google.firebase:firebase-common:19.3.0] AndroidManifest.xml:28:13-72
112            android:exported="false"
112-->[com.google.firebase:firebase-common:19.3.0] AndroidManifest.xml:29:13-37
113            android:initOrder="100" />
113-->[com.google.firebase:firebase-common:19.3.0] AndroidManifest.xml:30:13-36
114
115        <meta-data
115-->[com.google.android.gms:play-services-basement:17.0.0] AndroidManifest.xml:23:9-25:69
116            android:name="com.google.android.gms.version"
116-->[com.google.android.gms:play-services-basement:17.0.0] AndroidManifest.xml:24:13-58
117            android:value="@integer/google_play_services_version" />
117-->[com.google.android.gms:play-services-basement:17.0.0] AndroidManifest.xml:25:13-66
118
119        <provider
119-->[androidx.lifecycle:lifecycle-process:2.0.0] AndroidManifest.xml:23:9-27:43
120            android:name="androidx.lifecycle.ProcessLifecycleOwnerInitializer"
120-->[androidx.lifecycle:lifecycle-process:2.0.0] AndroidManifest.xml:24:13-79
121            android:authorities="com.example.pothole.lifecycle-process"
121-->[androidx.lifecycle:lifecycle-process:2.0.0] AndroidManifest.xml:25:13-69
122            android:exported="false"
122-->[androidx.lifecycle:lifecycle-process:2.0.0] AndroidManifest.xml:26:13-37
123            android:multiprocess="true" />
123-->[androidx.lifecycle:lifecycle-process:2.0.0] AndroidManifest.xml:27:13-40
124    </application>
125
126</manifest>